<?xml version="1.0" encoding="UTF-8"?>
<!-- Generated by org.testng.reporters.JUnitReportReporter -->
<testsuite skipped="0" hostname="DESKTOP-VVLUBII" name="analystt_Assignment.Assignment2" tests="4" failures="0" timestamp="19 Jan 2024 04:17:27 GMT" time="19.432" errors="0">
  <testcase name="loginProcess" time="4.242" classname="analystt_Assignment.Assignment2"/>
  <testcase name="verifyPagetitle" time="0.806" classname="analystt_Assignment.Assignment2"/>
  <testcase name="searchCustomer" time="10.595" classname="analystt_Assignment.Assignment2"/>
  <testcase name="logout" time="3.789" classname="analystt_Assignment.Assignment2"/>
</testsuite> <!-- analystt_Assignment.Assignment2 -->
